<?xml version="1.0" encoding="UTF-8"?>
<!-- Generated by org.testng.reporters.JUnitXMLReporter -->
<testsuite ignored="0" hostname="Harsha-Punisher" failures="0" tests="5" name="Default test" time="8.354" errors="0" timestamp="2024-09-12T23:58:44 IST">
  <testcase classname="com.hyd.tests.Base" name="getUser" time="1.98"/>
  <testcase classname="com.hyd.tests.Base" name="getUsers" time="0.168"/>
  <testcase classname="com.hyd.tests.Base" name="createUser" time="2.415"/>
  <testcase classname="com.hyd.tests.Base" name="updateUser" time="2.669"/>
  <testcase classname="com.hyd.tests.Base" name="deleteUser" time="1.074"/>
</testsuite> <!-- Default test -->
