<?xml version="1.0" encoding="UTF-8"?>
<testng-results ignored="0" total="5" passed="5" failed="0" skipped="0">
  <reporter-output>
  </reporter-output>
  <suite started-at="2024-09-12T23:58:35 IST" name="Default suite" finished-at="2024-09-12T23:58:43 IST" duration-ms="8354">
    <groups>
    </groups>
    <test started-at="2024-09-12T23:58:35 IST" name="Default test" finished-at="2024-09-12T23:58:43 IST" duration-ms="8354">
      <class name="com.hyd.tests.Base">
        <test-method signature="getUser()[pri:1, instance:com.hyd.tests.Base@31304f14]" started-at="2024-09-12T23:58:35 IST" name="getUser" finished-at="2024-09-12T23:58:37 IST" duration-ms="1980" status="PASS">
          <reporter-output>
          </reporter-output>
        </test-method> <!-- getUser -->
        <test-method signature="getUsers()[pri:2, instance:com.hyd.tests.Base@31304f14]" started-at="2024-09-12T23:58:37 IST" name="getUsers" finished-at="2024-09-12T23:58:37 IST" duration-ms="168" status="PASS">
          <reporter-output>
          </reporter-output>
        </test-method> <!-- getUsers -->
        <test-method signature="createUser()[pri:3, instance:com.hyd.tests.Base@31304f14]" started-at="2024-09-12T23:58:37 IST" name="createUser" finished-at="2024-09-12T23:58:40 IST" duration-ms="2415" status="PASS">
          <reporter-output>
          </reporter-output>
        </test-method> <!-- createUser -->
        <test-method signature="updateUser()[pri:4, instance:com.hyd.tests.Base@31304f14]" started-at="2024-09-12T23:58:40 IST" name="updateUser" finished-at="2024-09-12T23:58:42 IST" duration-ms="2669" status="PASS">
          <reporter-output>
          </reporter-output>
        </test-method> <!-- updateUser -->
        <test-method signature="deleteUser()[pri:5, instance:com.hyd.tests.Base@31304f14]" started-at="2024-09-12T23:58:42 IST" name="deleteUser" finished-at="2024-09-12T23:58:43 IST" duration-ms="1074" status="PASS">
          <reporter-output>
          </reporter-output>
        </test-method> <!-- deleteUser -->
      </class> <!-- com.hyd.tests.Base -->
    </test> <!-- Default test -->
  </suite> <!-- Default suite -->
</testng-results>
